[22-May-2025 23:35:20 Europe/Berlin] Odoo error: Odoo Server Error - Object purchase.order doesn't exist
[22-May-2025 23:35:59 Europe/Berlin] Odoo error: Odoo Server Error - Invalid field res.partner.is_supplier in condition ('is_supplier', '=', True)
[22-May-2025 23:35:59 Europe/Berlin] [2025-05-22 23:35:59] Failed with is_supplier field, trying supplier field: Odoo error: Odoo Server Error - Invalid field res.partner.is_supplier in condition ('is_supplier', '=', True)
[22-May-2025 23:36:00 Europe/Berlin] Odoo error: Odoo Server Error - Invalid field res.partner.supplier in condition ('supplier', '=', True)
[22-May-2025 23:36:00 Europe/Berlin] [2025-05-22 23:36:00] Failed with supplier field too: Odoo error: Odoo Server Error - Invalid field res.partner.supplier in condition ('supplier', '=', True)
[22-May-2025 23:36:00 Europe/Berlin] PHP Fatal error:  Uncaught Error: Call to undefined function sendSuccess() in D:\xampp\htdocs\API-Finals\API\purchase.php:123
Stack trace:
#0 D:\xampp\htdocs\API-Finals\API\purchase.php(28): handleGetSuppliers(Object(OdooAPI))
#1 {main}
  thrown in D:\xampp\htdocs\API-Finals\API\purchase.php on line 123
[22-May-2025 23:36:00 Europe/Berlin] [2025-05-22 23:36:00] Failed with purchase_ok filter: 
[22-May-2025 23:36:00 Europe/Berlin] PHP Fatal error:  Uncaught Error: Call to undefined function sendSuccess() in D:\xampp\htdocs\API-Finals\API\purchase.php:173
Stack trace:
#0 D:\xampp\htdocs\API-Finals\API\purchase.php(32): handleGetProducts(Object(OdooAPI))
#1 {main}
  thrown in D:\xampp\htdocs\API-Finals\API\purchase.php on line 173
[22-May-2025 23:36:01 Europe/Berlin] Odoo error: Odoo Server Error - Invalid field res.partner.is_supplier in condition ('is_supplier', '=', True)
[22-May-2025 23:36:01 Europe/Berlin] [2025-05-22 23:36:01] Failed with is_supplier field, trying supplier field: Odoo error: Odoo Server Error - Invalid field res.partner.is_supplier in condition ('is_supplier', '=', True)
[22-May-2025 23:36:01 Europe/Berlin] Odoo error: Odoo Server Error - Invalid field res.partner.supplier in condition ('supplier', '=', True)
[22-May-2025 23:36:01 Europe/Berlin] [2025-05-22 23:36:01] Failed with supplier field too: Odoo error: Odoo Server Error - Invalid field res.partner.supplier in condition ('supplier', '=', True)
[22-May-2025 23:36:01 Europe/Berlin] PHP Fatal error:  Uncaught Error: Call to undefined function sendSuccess() in D:\xampp\htdocs\API-Finals\API\purchase.php:123
Stack trace:
#0 D:\xampp\htdocs\API-Finals\API\purchase.php(28): handleGetSuppliers(Object(OdooAPI))
#1 {main}
  thrown in D:\xampp\htdocs\API-Finals\API\purchase.php on line 123
[22-May-2025 23:36:13 Europe/Berlin] [2025-05-22 23:36:13] Failed with purchase_ok filter: 
[22-May-2025 23:36:13 Europe/Berlin] Odoo error: Odoo Server Error - Invalid field res.partner.is_supplier in condition ('is_supplier', '=', True)
[22-May-2025 23:36:13 Europe/Berlin] [2025-05-22 23:36:13] Failed with is_supplier field, trying supplier field: Odoo error: Odoo Server Error - Invalid field res.partner.is_supplier in condition ('is_supplier', '=', True)
[22-May-2025 23:36:13 Europe/Berlin] PHP Fatal error:  Uncaught Error: Call to undefined function sendSuccess() in D:\xampp\htdocs\API-Finals\API\purchase.php:173
Stack trace:
#0 D:\xampp\htdocs\API-Finals\API\purchase.php(32): handleGetProducts(Object(OdooAPI))
#1 {main}
  thrown in D:\xampp\htdocs\API-Finals\API\purchase.php on line 173
[22-May-2025 23:36:13 Europe/Berlin] Odoo error: Odoo Server Error - Invalid field res.partner.supplier in condition ('supplier', '=', True)
[22-May-2025 23:36:13 Europe/Berlin] [2025-05-22 23:36:13] Failed with supplier field too: Odoo error: Odoo Server Error - Invalid field res.partner.supplier in condition ('supplier', '=', True)
[22-May-2025 23:36:13 Europe/Berlin] PHP Fatal error:  Uncaught Error: Call to undefined function sendSuccess() in D:\xampp\htdocs\API-Finals\API\purchase.php:123
Stack trace:
#0 D:\xampp\htdocs\API-Finals\API\purchase.php(28): handleGetSuppliers(Object(OdooAPI))
#1 {main}
  thrown in D:\xampp\htdocs\API-Finals\API\purchase.php on line 123
[22-May-2025 23:36:14 Europe/Berlin] [2025-05-22 23:36:14] Failed with purchase_ok filter: 
[22-May-2025 23:36:14 Europe/Berlin] Odoo error: Odoo Server Error - Invalid field res.partner.is_supplier in condition ('is_supplier', '=', True)
[22-May-2025 23:36:14 Europe/Berlin] [2025-05-22 23:36:14] Failed with is_supplier field, trying supplier field: Odoo error: Odoo Server Error - Invalid field res.partner.is_supplier in condition ('is_supplier', '=', True)
[22-May-2025 23:36:14 Europe/Berlin] PHP Fatal error:  Uncaught Error: Call to undefined function sendSuccess() in D:\xampp\htdocs\API-Finals\API\purchase.php:173
Stack trace:
#0 D:\xampp\htdocs\API-Finals\API\purchase.php(32): handleGetProducts(Object(OdooAPI))
#1 {main}
  thrown in D:\xampp\htdocs\API-Finals\API\purchase.php on line 173
[22-May-2025 23:36:14 Europe/Berlin] Odoo error: Odoo Server Error - Invalid field res.partner.supplier in condition ('supplier', '=', True)
[22-May-2025 23:36:14 Europe/Berlin] [2025-05-22 23:36:14] Failed with supplier field too: Odoo error: Odoo Server Error - Invalid field res.partner.supplier in condition ('supplier', '=', True)
[22-May-2025 23:36:14 Europe/Berlin] PHP Fatal error:  Uncaught Error: Call to undefined function sendSuccess() in D:\xampp\htdocs\API-Finals\API\purchase.php:123
Stack trace:
#0 D:\xampp\htdocs\API-Finals\API\purchase.php(28): handleGetSuppliers(Object(OdooAPI))
#1 {main}
  thrown in D:\xampp\htdocs\API-Finals\API\purchase.php on line 123
[22-May-2025 23:36:20 Europe/Berlin] Odoo error: Odoo Server Error - Invalid field res.partner.is_supplier in condition ('is_supplier', '=', True)
[22-May-2025 23:36:20 Europe/Berlin] [2025-05-22 23:36:20] Failed with is_supplier field, trying supplier field: Odoo error: Odoo Server Error - Invalid field res.partner.is_supplier in condition ('is_supplier', '=', True)
[22-May-2025 23:36:20 Europe/Berlin] [2025-05-22 23:36:20] Failed with purchase_ok filter: 
[22-May-2025 23:36:20 Europe/Berlin] Odoo error: Odoo Server Error - Invalid field res.partner.supplier in condition ('supplier', '=', True)
[22-May-2025 23:36:20 Europe/Berlin] [2025-05-22 23:36:20] Failed with supplier field too: Odoo error: Odoo Server Error - Invalid field res.partner.supplier in condition ('supplier', '=', True)
[22-May-2025 23:36:20 Europe/Berlin] PHP Fatal error:  Uncaught Error: Call to undefined function sendSuccess() in D:\xampp\htdocs\API-Finals\API\purchase.php:173
Stack trace:
#0 D:\xampp\htdocs\API-Finals\API\purchase.php(32): handleGetProducts(Object(OdooAPI))
#1 {main}
  thrown in D:\xampp\htdocs\API-Finals\API\purchase.php on line 173
[22-May-2025 23:36:20 Europe/Berlin] PHP Fatal error:  Uncaught Error: Call to undefined function sendSuccess() in D:\xampp\htdocs\API-Finals\API\purchase.php:123
Stack trace:
#0 D:\xampp\htdocs\API-Finals\API\purchase.php(28): handleGetSuppliers(Object(OdooAPI))
#1 {main}
  thrown in D:\xampp\htdocs\API-Finals\API\purchase.php on line 123
[22-May-2025 23:46:59 Europe/Berlin] Getting purchase orders
[22-May-2025 23:47:00 Europe/Berlin] Failed to get purchase orders from purchase.order: Odoo error: Odoo Server Error - Object purchase.order doesn't exist
[22-May-2025 23:47:00 Europe/Berlin] Failed to get orders from purchase_order: Odoo error: Odoo Server Error - Object purchase_order doesn't exist
[22-May-2025 23:47:00 Europe/Berlin] Failed to get orders from po.order: Odoo error: Odoo Server Error - Object po.order doesn't exist
[22-May-2025 23:47:00 Europe/Berlin] Failed to get orders from sale.order: Odoo error: Odoo Server Error - Object sale.order doesn't exist
[22-May-2025 23:47:00 Europe/Berlin] Could not get any orders from any model, returning simulated data
[22-May-2025 23:47:31 Europe/Berlin] POST action received: createPurchaseOrder
[22-May-2025 23:47:31 Europe/Berlin] Raw POST data: action=createPurchaseOrder&orderData=%7B%22partner_id%22%3A%223%22%2C%22date_order%22%3A%222025-05-31%22%2C%22order_line%22%3A%5B%7B%22product_id%22%3A%227%22%2C%22product_qty%22%3A5%2C%22price_unit%22%3A8%7D%5D%7D
[22-May-2025 23:47:31 Europe/Berlin] Creating purchase order with data: Array
(
    [partner_id] => 3
    [date_order] => 2025-05-31
    [order_line] => Array
        (
            [0] => Array
                (
                    [product_id] => 7
                    [product_qty] => 5
                    [price_unit] => 8
                )

        )

)

[22-May-2025 23:47:31 Europe/Berlin] purchase.order model does not exist in Odoo, checking for alternatives
[22-May-2025 23:47:31 Europe/Berlin] No purchase order model found, will attempt with sale.order
[22-May-2025 23:47:32 Europe/Berlin] Failed to create in purchase.order: Odoo error: Odoo Server Error - Object purchase.order doesn't exist
[22-May-2025 23:47:32 Europe/Berlin] Failed to create in purchase_order: Odoo error: Odoo Server Error - Object purchase_order doesn't exist
[22-May-2025 23:47:32 Europe/Berlin] POST action received: createPurchaseOrder
[22-May-2025 23:47:32 Europe/Berlin] Raw POST data: action=createPurchaseOrder&orderData=%7B%22partner_id%22%3A%223%22%2C%22date_order%22%3A%222025-05-31%22%2C%22order_line%22%3A%5B%7B%22product_id%22%3A%227%22%2C%22product_qty%22%3A5%2C%22price_unit%22%3A8%7D%5D%7D
[22-May-2025 23:47:32 Europe/Berlin] Creating purchase order with data: Array
(
    [partner_id] => 3
    [date_order] => 2025-05-31
    [order_line] => Array
        (
            [0] => Array
                (
                    [product_id] => 7
                    [product_qty] => 5
                    [price_unit] => 8
                )

        )

)

[22-May-2025 23:47:32 Europe/Berlin] POST action received: createPurchaseOrder
[22-May-2025 23:47:32 Europe/Berlin] Raw POST data: action=createPurchaseOrder&orderData=%7B%22partner_id%22%3A%223%22%2C%22date_order%22%3A%222025-05-31%22%2C%22order_line%22%3A%5B%7B%22product_id%22%3A%227%22%2C%22product_qty%22%3A5%2C%22price_unit%22%3A8%7D%5D%7D
[22-May-2025 23:47:32 Europe/Berlin] Creating purchase order with data: Array
(
    [partner_id] => 3
    [date_order] => 2025-05-31
    [order_line] => Array
        (
            [0] => Array
                (
                    [product_id] => 7
                    [product_qty] => 5
                    [price_unit] => 8
                )

        )

)

[22-May-2025 23:47:32 Europe/Berlin] purchase.order model does not exist in Odoo, checking for alternatives
[22-May-2025 23:47:32 Europe/Berlin] Failed to create in po.order: Odoo error: Odoo Server Error - Object po.order doesn't exist
[22-May-2025 23:47:32 Europe/Berlin] purchase.order model does not exist in Odoo, checking for alternatives
[22-May-2025 23:47:32 Europe/Berlin] POST action received: createPurchaseOrder
[22-May-2025 23:47:32 Europe/Berlin] Raw POST data: action=createPurchaseOrder&orderData=%7B%22partner_id%22%3A%223%22%2C%22date_order%22%3A%222025-05-31%22%2C%22order_line%22%3A%5B%7B%22product_id%22%3A%227%22%2C%22product_qty%22%3A5%2C%22price_unit%22%3A8%7D%5D%7D
[22-May-2025 23:47:32 Europe/Berlin] Creating purchase order with data: Array
(
    [partner_id] => 3
    [date_order] => 2025-05-31
    [order_line] => Array
        (
            [0] => Array
                (
                    [product_id] => 7
                    [product_qty] => 5
                    [price_unit] => 8
                )

        )

)

[22-May-2025 23:47:33 Europe/Berlin] POST action received: createPurchaseOrder
[22-May-2025 23:47:33 Europe/Berlin] Raw POST data: action=createPurchaseOrder&orderData=%7B%22partner_id%22%3A%223%22%2C%22date_order%22%3A%222025-05-31%22%2C%22order_line%22%3A%5B%7B%22product_id%22%3A%227%22%2C%22product_qty%22%3A5%2C%22price_unit%22%3A8%7D%5D%7D
[22-May-2025 23:47:33 Europe/Berlin] Creating purchase order with data: Array
(
    [partner_id] => 3
    [date_order] => 2025-05-31
    [order_line] => Array
        (
            [0] => Array
                (
                    [product_id] => 7
                    [product_qty] => 5
                    [price_unit] => 8
                )

        )

)

[22-May-2025 23:47:33 Europe/Berlin] Failed to create in sale.order: Odoo error: Odoo Server Error - Object sale.order doesn't exist
[22-May-2025 23:47:33 Europe/Berlin] POST action received: createPurchaseOrder
[22-May-2025 23:47:33 Europe/Berlin] Raw POST data: action=createPurchaseOrder&orderData=%7B%22partner_id%22%3A%223%22%2C%22date_order%22%3A%222025-05-31%22%2C%22order_line%22%3A%5B%7B%22product_id%22%3A%227%22%2C%22product_qty%22%3A5%2C%22price_unit%22%3A8%7D%5D%7D
[22-May-2025 23:47:33 Europe/Berlin] Creating purchase order with data: Array
(
    [partner_id] => 3
    [date_order] => 2025-05-31
    [order_line] => Array
        (
            [0] => Array
                (
                    [product_id] => 7
                    [product_qty] => 5
                    [price_unit] => 8
                )

        )

)

[22-May-2025 23:47:33 Europe/Berlin] purchase.order model does not exist in Odoo, checking for alternatives
[22-May-2025 23:47:34 Europe/Berlin] No purchase order model found, will attempt with sale.order
[22-May-2025 23:47:34 Europe/Berlin] purchase.order model does not exist in Odoo, checking for alternatives
[22-May-2025 23:47:34 Europe/Berlin] No purchase order model found, will attempt with sale.order
[22-May-2025 23:47:34 Europe/Berlin] purchase.order model does not exist in Odoo, checking for alternatives
[22-May-2025 23:47:35 Europe/Berlin] Failed to create in purchase.order: Odoo error: Odoo Server Error - Object purchase.order doesn't exist
[22-May-2025 23:47:35 Europe/Berlin] Failed to create in purchase.order: Odoo error: Odoo Server Error - Object purchase.order doesn't exist
[22-May-2025 23:47:35 Europe/Berlin] No purchase order model found, will attempt with sale.order
[22-May-2025 23:47:36 Europe/Berlin] Failed to create in purchase_order: Odoo error: Odoo Server Error - Object purchase_order doesn't exist
[22-May-2025 23:47:36 Europe/Berlin] No purchase order model found, will attempt with sale.order
[22-May-2025 23:47:36 Europe/Berlin] Failed to create in purchase_order: Odoo error: Odoo Server Error - Object purchase_order doesn't exist
[22-May-2025 23:47:36 Europe/Berlin] No purchase order model found, will attempt with sale.order
[22-May-2025 23:47:36 Europe/Berlin] Failed to create in purchase.order: Odoo error: Odoo Server Error - Object purchase.order doesn't exist
[22-May-2025 23:47:37 Europe/Berlin] Failed to create in po.order: Odoo error: Odoo Server Error - Object po.order doesn't exist
[22-May-2025 23:47:37 Europe/Berlin] Failed to create in purchase.order: Odoo error: Odoo Server Error - Object purchase.order doesn't exist
[22-May-2025 23:47:37 Europe/Berlin] Failed to create in po.order: Odoo error: Odoo Server Error - Object po.order doesn't exist
[22-May-2025 23:47:37 Europe/Berlin] Failed to create in purchase.order: Odoo error: Odoo Server Error - Object purchase.order doesn't exist
[22-May-2025 23:47:37 Europe/Berlin] Failed to create in purchase_order: Odoo error: Odoo Server Error - Object purchase_order doesn't exist
[22-May-2025 23:47:38 Europe/Berlin] Failed to create in sale.order: Odoo error: Odoo Server Error - Object sale.order doesn't exist
[22-May-2025 23:47:38 Europe/Berlin] Failed to create in purchase_order: Odoo error: Odoo Server Error - Object purchase_order doesn't exist
[22-May-2025 23:47:38 Europe/Berlin] Failed to create in sale.order: Odoo error: Odoo Server Error - Object sale.order doesn't exist
[22-May-2025 23:47:38 Europe/Berlin] Failed to create in purchase_order: Odoo error: Odoo Server Error - Object purchase_order doesn't exist
[22-May-2025 23:47:38 Europe/Berlin] Failed to create in po.order: Odoo error: Odoo Server Error - Object po.order doesn't exist
[22-May-2025 23:47:39 Europe/Berlin] Failed to create in po.order: Odoo error: Odoo Server Error - Object po.order doesn't exist
[22-May-2025 23:47:39 Europe/Berlin] Failed to create in po.order: Odoo error: Odoo Server Error - Object po.order doesn't exist
[22-May-2025 23:47:39 Europe/Berlin] Failed to create in sale.order: Odoo error: Odoo Server Error - Object sale.order doesn't exist
[22-May-2025 23:47:39 Europe/Berlin] Failed to create in sale.order: Odoo error: Odoo Server Error - Object sale.order doesn't exist
[22-May-2025 23:47:39 Europe/Berlin] Failed to create in sale.order: Odoo error: Odoo Server Error - Object sale.order doesn't exist
[22-May-2025 23:49:51 Europe/Berlin] POST action received: createPurchaseOrder
[22-May-2025 23:49:51 Europe/Berlin] Processing createPurchaseOrder
[22-May-2025 23:49:51 Europe/Berlin] Order data parsed successfully: Array
(
    [partner_id] => 3
    [date_order] => 2025-05-15
    [order_line] => Array
        (
            [0] => Array
                (
                    [product_id] => 5
                    [product_qty] => 5
                    [price_unit] => 1.99
                )

        )

)

[22-May-2025 23:49:51 Europe/Berlin] Creating purchase order with data: Array
(
    [partner_id] => 3
    [date_order] => 2025-05-15
    [order_line] => Array
        (
            [0] => Array
                (
                    [product_id] => 5
                    [product_qty] => 5
                    [price_unit] => 1.99
                )

        )

)

[22-May-2025 23:49:51 Europe/Berlin] purchase.order model does not exist in Odoo, checking for alternatives
[22-May-2025 23:49:51 Europe/Berlin] No purchase order model found, will attempt with sale.order
[22-May-2025 23:49:51 Europe/Berlin] Failed to create record in purchase.order: Odoo error: Odoo Server Error - Object purchase.order doesn't exist
[22-May-2025 23:49:51 Europe/Berlin] Failed to create in purchase.order: Odoo error: Odoo Server Error - Object purchase.order doesn't exist
[22-May-2025 23:49:52 Europe/Berlin] Failed to create record in purchase_order: Odoo error: Odoo Server Error - Object purchase_order doesn't exist
[22-May-2025 23:49:52 Europe/Berlin] Failed to create in purchase_order: Odoo error: Odoo Server Error - Object purchase_order doesn't exist
[22-May-2025 23:49:52 Europe/Berlin] Failed to create record in po.order: Odoo error: Odoo Server Error - Object po.order doesn't exist
[22-May-2025 23:49:52 Europe/Berlin] Failed to create in po.order: Odoo error: Odoo Server Error - Object po.order doesn't exist
[22-May-2025 23:49:52 Europe/Berlin] Failed to create record in sale.order: Odoo error: Odoo Server Error - Object sale.order doesn't exist
[22-May-2025 23:49:52 Europe/Berlin] Failed to create in sale.order: Odoo error: Odoo Server Error - Object sale.order doesn't exist
[22-May-2025 23:50:04 Europe/Berlin] POST action received: createPurchaseOrder
[22-May-2025 23:50:04 Europe/Berlin] Processing createPurchaseOrder
[22-May-2025 23:50:04 Europe/Berlin] Order data parsed successfully: Array
(
    [partner_id] => 3
    [date_order] => 2025-05-15
    [order_line] => Array
        (
            [0] => Array
                (
                    [product_id] => 5
                    [product_qty] => 5
                    [price_unit] => 1.99
                )

        )

)

[22-May-2025 23:50:04 Europe/Berlin] Creating purchase order with data: Array
(
    [partner_id] => 3
    [date_order] => 2025-05-15
    [order_line] => Array
        (
            [0] => Array
                (
                    [product_id] => 5
                    [product_qty] => 5
                    [price_unit] => 1.99
                )

        )

)

[22-May-2025 23:50:04 Europe/Berlin] purchase.order model does not exist in Odoo, checking for alternatives
[22-May-2025 23:50:05 Europe/Berlin] No purchase order model found, will attempt with sale.order
[22-May-2025 23:50:05 Europe/Berlin] Failed to create record in purchase.order: Odoo error: Odoo Server Error - Object purchase.order doesn't exist
[22-May-2025 23:50:05 Europe/Berlin] Failed to create in purchase.order: Odoo error: Odoo Server Error - Object purchase.order doesn't exist
[22-May-2025 23:50:05 Europe/Berlin] Failed to create record in purchase_order: Odoo error: Odoo Server Error - Object purchase_order doesn't exist
[22-May-2025 23:50:05 Europe/Berlin] Failed to create in purchase_order: Odoo error: Odoo Server Error - Object purchase_order doesn't exist
[22-May-2025 23:50:05 Europe/Berlin] Failed to create record in po.order: Odoo error: Odoo Server Error - Object po.order doesn't exist
[22-May-2025 23:50:05 Europe/Berlin] Failed to create in po.order: Odoo error: Odoo Server Error - Object po.order doesn't exist
[22-May-2025 23:50:05 Europe/Berlin] Failed to create record in sale.order: Odoo error: Odoo Server Error - Object sale.order doesn't exist
[22-May-2025 23:50:05 Europe/Berlin] Failed to create in sale.order: Odoo error: Odoo Server Error - Object sale.order doesn't exist
[22-May-2025 23:50:33 Europe/Berlin] Getting purchase orders
[22-May-2025 23:50:33 Europe/Berlin] Failed to get purchase orders from purchase.order: Odoo error: Odoo Server Error - Object purchase.order doesn't exist
[22-May-2025 23:50:33 Europe/Berlin] Failed to get orders from purchase_order: Odoo error: Odoo Server Error - Object purchase_order doesn't exist
[22-May-2025 23:50:34 Europe/Berlin] Failed to get orders from po.order: Odoo error: Odoo Server Error - Object po.order doesn't exist
[22-May-2025 23:50:34 Europe/Berlin] Failed to get orders from sale.order: Odoo error: Odoo Server Error - Object sale.order doesn't exist
[22-May-2025 23:50:34 Europe/Berlin] Could not get any orders from any model, returning simulated data
[22-May-2025 23:51:34 Europe/Berlin] POST action received: createSupplier
[22-May-2025 23:51:34 Europe/Berlin] Processing createSupplier
[22-May-2025 23:51:34 Europe/Berlin] Supplier data parsed successfully: Array
(
    [name] => Test
    [email] => jg
    [phone] => 
    [street] => 
    [supplier] => 1
)

[22-May-2025 23:51:34 Europe/Berlin] Creating supplier with data: Array
(
    [name] => Test
    [email] => jg
    [phone] => 
    [street] => 
    [supplier] => 1
)

[22-May-2025 23:51:35 Europe/Berlin] Using 'supplier_rank' field for res.partner
[22-May-2025 23:51:35 Europe/Berlin] Successfully created supplier with ID: 6
[22-May-2025 23:52:42 Europe/Berlin] Products API called with method: GET
[22-May-2025 23:52:43 Europe/Berlin] Attempting to get products
[22-May-2025 23:52:43 Europe/Berlin] Retrieved 3 product IDs
[22-May-2025 23:52:43 Europe/Berlin] Retrieved 3 product details
[22-May-2025 23:52:43 Europe/Berlin] Total products: 3, Total pages: 1
[22-May-2025 23:52:43 Europe/Berlin] Processing product: {"id":5,"name":"Candy","categ_id":[4,"Food"],"list_price":2,"standard_price":2,"qty_available":35}
[22-May-2025 23:52:43 Europe/Berlin] Processing product: {"id":7,"name":"Shampoo","categ_id":[1,"Goods"],"list_price":8,"standard_price":7,"qty_available":0}
[22-May-2025 23:52:43 Europe/Berlin] Processing product: {"id":6,"name":"Tuna","categ_id":[5,"nice"],"list_price":25,"standard_price":15,"qty_available":0}
[22-May-2025 23:52:47 Europe/Berlin] Stock API called with method: GET
[22-May-2025 23:52:48 Europe/Berlin] Attempting to get stock information
[22-May-2025 23:52:48 Europe/Berlin] Retrieved 3 products
[22-May-2025 23:52:48 Europe/Berlin] Stock API called with method: GET
[22-May-2025 23:52:48 Europe/Berlin] Products API called with method: GET
[22-May-2025 23:52:49 Europe/Berlin] Attempting to get stock information
[22-May-2025 23:52:49 Europe/Berlin] Attempting to get products
[22-May-2025 23:52:49 Europe/Berlin] Retrieved 3 product IDs
[22-May-2025 23:52:49 Europe/Berlin] Retrieved 3 products
[22-May-2025 23:52:49 Europe/Berlin] Retrieved 3 product details
[22-May-2025 23:52:49 Europe/Berlin] Total products: 3, Total pages: 1
[22-May-2025 23:52:49 Europe/Berlin] Processing product: {"id":5,"name":"Candy","categ_id":[4,"Food"],"list_price":2,"standard_price":2,"qty_available":35}
[22-May-2025 23:52:49 Europe/Berlin] Processing product: {"id":7,"name":"Shampoo","categ_id":[1,"Goods"],"list_price":8,"standard_price":7,"qty_available":0}
[22-May-2025 23:52:49 Europe/Berlin] Processing product: {"id":6,"name":"Tuna","categ_id":[5,"nice"],"list_price":25,"standard_price":15,"qty_available":0}
[22-May-2025 23:52:55 Europe/Berlin] Stock API called with method: GET
[22-May-2025 23:52:55 Europe/Berlin] Attempting to get stock information
[22-May-2025 23:52:55 Europe/Berlin] Retrieved 3 products
[22-May-2025 23:52:56 Europe/Berlin] Stock API called with method: GET
[22-May-2025 23:52:56 Europe/Berlin] Products API called with method: GET
[22-May-2025 23:52:56 Europe/Berlin] Attempting to get stock information
[22-May-2025 23:52:56 Europe/Berlin] Attempting to get products
[22-May-2025 23:52:56 Europe/Berlin] Retrieved 3 products
[22-May-2025 23:52:56 Europe/Berlin] Retrieved 3 product IDs
[22-May-2025 23:52:56 Europe/Berlin] Retrieved 3 product details
[22-May-2025 23:52:57 Europe/Berlin] Total products: 3, Total pages: 1
[22-May-2025 23:52:57 Europe/Berlin] Processing product: {"id":5,"name":"Candy","categ_id":[4,"Food"],"list_price":2,"standard_price":2,"qty_available":35}
[22-May-2025 23:52:57 Europe/Berlin] Processing product: {"id":7,"name":"Shampoo","categ_id":[1,"Goods"],"list_price":8,"standard_price":7,"qty_available":0}
[22-May-2025 23:52:57 Europe/Berlin] Processing product: {"id":6,"name":"Tuna","categ_id":[5,"nice"],"list_price":25,"standard_price":15,"qty_available":0}
[22-May-2025 23:53:05 Europe/Berlin] Products API called with method: GET
[22-May-2025 23:53:05 Europe/Berlin] Attempting to get products
[22-May-2025 23:53:06 Europe/Berlin] Retrieved 3 product IDs
[22-May-2025 23:53:06 Europe/Berlin] Retrieved 3 product details
[22-May-2025 23:53:06 Europe/Berlin] Total products: 3, Total pages: 1
[22-May-2025 23:53:06 Europe/Berlin] Processing product: {"id":5,"name":"Candy","categ_id":[4,"Food"],"list_price":2,"standard_price":2,"qty_available":35}
[22-May-2025 23:53:06 Europe/Berlin] Processing product: {"id":7,"name":"Shampoo","categ_id":[1,"Goods"],"list_price":8,"standard_price":7,"qty_available":0}
[22-May-2025 23:53:06 Europe/Berlin] Processing product: {"id":6,"name":"Tuna","categ_id":[5,"nice"],"list_price":25,"standard_price":15,"qty_available":0}
[22-May-2025 23:58:48 Europe/Berlin] Products API called with method: GET
[22-May-2025 23:58:49 Europe/Berlin] Attempting to get products
[22-May-2025 23:58:49 Europe/Berlin] Retrieved 3 product IDs
[22-May-2025 23:58:49 Europe/Berlin] Retrieved 3 product details
[22-May-2025 23:58:49 Europe/Berlin] Total products: 3, Total pages: 1
[22-May-2025 23:58:49 Europe/Berlin] Processing product: {"id":5,"name":"Candy","categ_id":[4,"Food"],"list_price":2,"standard_price":2,"qty_available":35}
[22-May-2025 23:58:49 Europe/Berlin] Processing product: {"id":7,"name":"Shampoo","categ_id":[1,"Goods"],"list_price":8,"standard_price":7,"qty_available":0}
[22-May-2025 23:58:49 Europe/Berlin] Processing product: {"id":6,"name":"Tuna","categ_id":[5,"nice"],"list_price":25,"standard_price":15,"qty_available":0}
[22-May-2025 23:58:53 Europe/Berlin] Products API called with method: GET
[22-May-2025 23:58:53 Europe/Berlin] Attempting to get products
[22-May-2025 23:58:54 Europe/Berlin] Retrieved 3 product IDs
[22-May-2025 23:58:54 Europe/Berlin] Retrieved 3 product details
[22-May-2025 23:58:54 Europe/Berlin] Total products: 3, Total pages: 1
[22-May-2025 23:58:54 Europe/Berlin] Processing product: {"id":5,"name":"Candy","categ_id":[4,"Food"],"list_price":2,"standard_price":2,"qty_available":35}
[22-May-2025 23:58:54 Europe/Berlin] Processing product: {"id":7,"name":"Shampoo","categ_id":[1,"Goods"],"list_price":8,"standard_price":7,"qty_available":0}
[22-May-2025 23:58:54 Europe/Berlin] Processing product: {"id":6,"name":"Tuna","categ_id":[5,"nice"],"list_price":25,"standard_price":15,"qty_available":0}
[22-May-2025 23:58:55 Europe/Berlin] Products API called with method: GET
[22-May-2025 23:58:56 Europe/Berlin] Attempting to get products
[22-May-2025 23:58:56 Europe/Berlin] Retrieved 3 product IDs
[22-May-2025 23:58:56 Europe/Berlin] Retrieved 3 product details
[22-May-2025 23:58:56 Europe/Berlin] Total products: 3, Total pages: 1
[22-May-2025 23:58:56 Europe/Berlin] Processing product: {"id":5,"name":"Candy","categ_id":[4,"Food"],"list_price":2,"standard_price":2,"qty_available":35}
[22-May-2025 23:58:56 Europe/Berlin] Processing product: {"id":7,"name":"Shampoo","categ_id":[1,"Goods"],"list_price":8,"standard_price":7,"qty_available":0}
[22-May-2025 23:58:56 Europe/Berlin] Processing product: {"id":6,"name":"Tuna","categ_id":[5,"nice"],"list_price":25,"standard_price":15,"qty_available":0}
[23-May-2025 00:01:33 Europe/Berlin] Getting purchase orders
[23-May-2025 00:01:33 Europe/Berlin] Failed to get purchase orders from purchase.order: Odoo error: Odoo Server Error - Object purchase.order doesn't exist
[23-May-2025 00:01:33 Europe/Berlin] Failed to get orders from purchase_order: Odoo error: Odoo Server Error - Object purchase_order doesn't exist
[23-May-2025 00:01:33 Europe/Berlin] Failed to get orders from po.order: Odoo error: Odoo Server Error - Object po.order doesn't exist
[23-May-2025 00:01:33 Europe/Berlin] Failed to get orders from sale.order: Odoo error: Odoo Server Error - Object sale.order doesn't exist
[23-May-2025 00:01:33 Europe/Berlin] Could not get any orders from any model, returning simulated data
[23-May-2025 00:01:59 Europe/Berlin] POST action received: createPurchaseOrder
[23-May-2025 00:01:59 Europe/Berlin] Processing createPurchaseOrder
[23-May-2025 00:01:59 Europe/Berlin] Order data parsed successfully: Array
(
    [partner_id] => 6
    [date_order] => 2025-05-21
    [order_line] => Array
        (
            [0] => Array
                (
                    [product_id] => 5
                    [product_qty] => 1
                    [price_unit] => 2
                )

        )

)

[23-May-2025 00:01:59 Europe/Berlin] Creating purchase order with data: Array
(
    [partner_id] => 6
    [date_order] => 2025-05-21
    [order_line] => Array
        (
            [0] => Array
                (
                    [product_id] => 5
                    [product_qty] => 1
                    [price_unit] => 2
                )

        )

)

[23-May-2025 00:01:59 Europe/Berlin] No order models found in Odoo. Using mock order system.
[23-May-2025 00:01:59 Europe/Berlin] Creating mock order with data: Array
(
    [partner_id] => 6
    [date_order] => 2025-05-21
    [order_line] => Array
        (
            [0] => Array
                (
                    [product_id] => 5
                    [product_qty] => 1
                    [price_unit] => 2
                )

        )

)

[23-May-2025 00:01:59 Europe/Berlin] Mock order created: Array
(
    [id] => 1747951319638
    [name] => PO202505236138
    [date_order] => 2025-05-21 00:01:59
    [partner_id] => Array
        (
            [0] => 6
            [1] => Supplier 6
        )

    [amount_total] => 2
    [state] => draft
    [mock] => 1
    [order_line] => Array
        (
            [0] => Array
                (
                    [product_id] => 5
                    [product_qty] => 1
                    [price_unit] => 2
                )

        )

)

[23-May-2025 00:01:59 Europe/Berlin] Total mock orders in session: 1
[23-May-2025 00:02:02 Europe/Berlin] Getting purchase orders
[23-May-2025 00:02:02 Europe/Berlin] Failed to get purchase orders from purchase.order: Odoo error: Odoo Server Error - Object purchase.order doesn't exist
[23-May-2025 00:02:02 Europe/Berlin] Failed to get orders from purchase_order: Odoo error: Odoo Server Error - Object purchase_order doesn't exist
[23-May-2025 00:02:02 Europe/Berlin] Failed to get orders from po.order: Odoo error: Odoo Server Error - Object po.order doesn't exist
[23-May-2025 00:02:02 Europe/Berlin] Failed to get orders from sale.order: Odoo error: Odoo Server Error - Object sale.order doesn't exist
[23-May-2025 00:02:02 Europe/Berlin] Returning 1 mock orders from session
[23-May-2025 00:02:03 Europe/Berlin] Getting purchase orders
[23-May-2025 00:02:03 Europe/Berlin] Failed to get purchase orders from purchase.order: Odoo error: Odoo Server Error - Object purchase.order doesn't exist
[23-May-2025 00:02:03 Europe/Berlin] Failed to get orders from purchase_order: Odoo error: Odoo Server Error - Object purchase_order doesn't exist
[23-May-2025 00:02:03 Europe/Berlin] Failed to get orders from po.order: Odoo error: Odoo Server Error - Object po.order doesn't exist
[23-May-2025 00:02:04 Europe/Berlin] Failed to get orders from sale.order: Odoo error: Odoo Server Error - Object sale.order doesn't exist
[23-May-2025 00:02:04 Europe/Berlin] Returning 1 mock orders from session
[23-May-2025 00:02:09 Europe/Berlin] Found mock order for ID: 1747951319638
[23-May-2025 00:02:29 Europe/Berlin] Stock API called with method: GET
[23-May-2025 00:02:29 Europe/Berlin] Attempting to get stock information
[23-May-2025 00:02:29 Europe/Berlin] Retrieved 3 products
[23-May-2025 00:02:30 Europe/Berlin] Stock API called with method: GET
[23-May-2025 00:02:30 Europe/Berlin] Products API called with method: GET
[23-May-2025 00:02:30 Europe/Berlin] Attempting to get products
[23-May-2025 00:02:30 Europe/Berlin] Attempting to get stock information
[23-May-2025 00:02:30 Europe/Berlin] Retrieved 3 product IDs
[23-May-2025 00:02:30 Europe/Berlin] Retrieved 3 products
[23-May-2025 00:02:30 Europe/Berlin] Retrieved 3 product details
[23-May-2025 00:02:31 Europe/Berlin] Total products: 3, Total pages: 1
[23-May-2025 00:02:31 Europe/Berlin] Processing product: {"id":5,"name":"Candy","categ_id":[4,"Food"],"list_price":2,"standard_price":2,"qty_available":35}
[23-May-2025 00:02:31 Europe/Berlin] Processing product: {"id":7,"name":"Shampoo","categ_id":[1,"Goods"],"list_price":8,"standard_price":7,"qty_available":0}
[23-May-2025 00:02:31 Europe/Berlin] Processing product: {"id":6,"name":"Tuna","categ_id":[5,"nice"],"list_price":25,"standard_price":15,"qty_available":0}
[23-May-2025 00:02:41 Europe/Berlin] Stock API called with method: POST
[23-May-2025 00:02:41 Europe/Berlin] Stock update raw input: {"product_id":"5","quantity":"5","reference":"","notes":"","action":"in"}
[23-May-2025 00:02:41 Europe/Berlin] Stock update processed data: Array
(
    [product_id] => 5
    [quantity] => 5
    [reference] => 
    [notes] => 
    [action] => in
)

[23-May-2025 00:02:42 Europe/Berlin] Failed to create record in stock.move: Odoo error: Odoo Server Error - The operation cannot be completed: Missing required value for the field 'Source Location' (location_id).
Model: 'Stock Move' (stock.move)
- create/update: a mandatory field is not set
- delete: another model requires the record being deleted, you can archive it instead

[23-May-2025 00:02:44 Europe/Berlin] Stock API called with method: GET
[23-May-2025 00:02:44 Europe/Berlin] Attempting to get stock information
[23-May-2025 00:02:44 Europe/Berlin] Retrieved 3 products
[23-May-2025 00:02:45 Europe/Berlin] Stock API called with method: GET
[23-May-2025 00:02:45 Europe/Berlin] Products API called with method: GET
[23-May-2025 00:02:45 Europe/Berlin] Attempting to get products
[23-May-2025 00:02:45 Europe/Berlin] Attempting to get stock information
[23-May-2025 00:02:45 Europe/Berlin] Retrieved 3 product IDs
[23-May-2025 00:02:45 Europe/Berlin] Retrieved 3 products
[23-May-2025 00:02:46 Europe/Berlin] Retrieved 3 product details
[23-May-2025 00:02:46 Europe/Berlin] Total products: 3, Total pages: 1
[23-May-2025 00:02:46 Europe/Berlin] Processing product: {"id":5,"name":"Candy","categ_id":[4,"Food"],"list_price":2,"standard_price":2,"qty_available":40}
[23-May-2025 00:02:46 Europe/Berlin] Processing product: {"id":7,"name":"Shampoo","categ_id":[1,"Goods"],"list_price":8,"standard_price":7,"qty_available":0}
[23-May-2025 00:02:46 Europe/Berlin] Processing product: {"id":6,"name":"Tuna","categ_id":[5,"nice"],"list_price":25,"standard_price":15,"qty_available":0}
[23-May-2025 00:02:57 Europe/Berlin] Products API called with method: GET
[23-May-2025 00:02:58 Europe/Berlin] Attempting to get products
[23-May-2025 00:02:58 Europe/Berlin] Retrieved 3 product IDs
[23-May-2025 00:02:58 Europe/Berlin] Retrieved 3 product details
[23-May-2025 00:02:58 Europe/Berlin] Total products: 3, Total pages: 1
[23-May-2025 00:02:58 Europe/Berlin] Processing product: {"id":5,"name":"Candy","categ_id":[4,"Food"],"list_price":2,"standard_price":2,"qty_available":40}
[23-May-2025 00:02:58 Europe/Berlin] Processing product: {"id":7,"name":"Shampoo","categ_id":[1,"Goods"],"list_price":8,"standard_price":7,"qty_available":0}
[23-May-2025 00:02:58 Europe/Berlin] Processing product: {"id":6,"name":"Tuna","categ_id":[5,"nice"],"list_price":25,"standard_price":15,"qty_available":0}
[23-May-2025 00:04:35 Europe/Berlin] POST action received: createSupplier
[23-May-2025 00:04:35 Europe/Berlin] Processing createSupplier
[23-May-2025 00:04:35 Europe/Berlin] Supplier data parsed successfully: Array
(
    [name] => Chan
    [email] => f
    [phone] => 
    [street] => 
    [supplier] => 1
)

[23-May-2025 00:04:35 Europe/Berlin] Creating supplier with data: Array
(
    [name] => Chan
    [email] => f
    [phone] => 
    [street] => 
    [supplier] => 1
)

[23-May-2025 00:04:35 Europe/Berlin] Using 'supplier_rank' field for res.partner
[23-May-2025 00:04:36 Europe/Berlin] Successfully created supplier with ID: 7
[23-May-2025 00:14:46 Europe/Berlin] POST action received: createPurchaseOrder
[23-May-2025 00:14:46 Europe/Berlin] Processing createPurchaseOrder
[23-May-2025 00:14:46 Europe/Berlin] Order data parsed successfully: Array
(
    [partner_id] => 3
    [date_order] => 2025-05-23
    [order_line] => Array
        (
            [0] => Array
                (
                    [product_id] => 5
                    [product_qty] => 1
                    [price_unit] => 2
                )

        )

)

[23-May-2025 00:14:46 Europe/Berlin] Creating purchase order with data: Array
(
    [partner_id] => 3
    [date_order] => 2025-05-23
    [order_line] => Array
        (
            [0] => Array
                (
                    [product_id] => 5
                    [product_qty] => 1
                    [price_unit] => 2
                )

        )

)

[23-May-2025 00:14:46 Europe/Berlin] No order models found in Odoo. Using mock order system.
[23-May-2025 00:14:46 Europe/Berlin] Creating mock order with data: Array
(
    [partner_id] => 3
    [date_order] => 2025-05-23
    [order_line] => Array
        (
            [0] => Array
                (
                    [product_id] => 5
                    [product_qty] => 1
                    [price_unit] => 2
                )

        )

)

[23-May-2025 00:14:46 Europe/Berlin] Mock order created: Array
(
    [id] => 1747952086676
    [name] => PO202505231712
    [date_order] => 2025-05-23 00:14:46
    [partner_id] => Array
        (
            [0] => 3
            [1] => Supplier 3
        )

    [amount_total] => 2
    [state] => draft
    [mock] => 1
    [order_line] => Array
        (
            [0] => Array
                (
                    [product_id] => 5
                    [product_qty] => 1
                    [price_unit] => 2
                )

        )

)

[23-May-2025 00:14:46 Europe/Berlin] Total mock orders in session: 2
[23-May-2025 00:14:49 Europe/Berlin] Getting purchase orders
[23-May-2025 00:14:49 Europe/Berlin] Failed to get purchase orders from purchase.order: Odoo error: Odoo Server Error - Object purchase.order doesn't exist
[23-May-2025 00:14:49 Europe/Berlin] Failed to get orders from purchase_order: Odoo error: Odoo Server Error - Object purchase_order doesn't exist
[23-May-2025 00:14:49 Europe/Berlin] Failed to get orders from po.order: Odoo error: Odoo Server Error - Object po.order doesn't exist
[23-May-2025 00:14:49 Europe/Berlin] Failed to get orders from sale.order: Odoo error: Odoo Server Error - Object sale.order doesn't exist
[23-May-2025 00:14:49 Europe/Berlin] Returning 2 mock orders from session
[23-May-2025 00:14:50 Europe/Berlin] Getting purchase orders
[23-May-2025 00:14:50 Europe/Berlin] Failed to get purchase orders from purchase.order: Odoo error: Odoo Server Error - Object purchase.order doesn't exist
[23-May-2025 00:14:50 Europe/Berlin] Failed to get orders from purchase_order: Odoo error: Odoo Server Error - Object purchase_order doesn't exist
[23-May-2025 00:14:50 Europe/Berlin] Failed to get orders from po.order: Odoo error: Odoo Server Error - Object po.order doesn't exist
[23-May-2025 00:14:51 Europe/Berlin] Failed to get orders from sale.order: Odoo error: Odoo Server Error - Object sale.order doesn't exist
[23-May-2025 00:14:51 Europe/Berlin] Returning 2 mock orders from session
[23-May-2025 00:14:55 Europe/Berlin] Getting purchase orders
[23-May-2025 00:14:56 Europe/Berlin] Failed to get purchase orders from purchase.order: Odoo error: Odoo Server Error - Object purchase.order doesn't exist
[23-May-2025 00:14:56 Europe/Berlin] Failed to get orders from purchase_order: Odoo error: Odoo Server Error - Object purchase_order doesn't exist
[23-May-2025 00:14:56 Europe/Berlin] Failed to get orders from po.order: Odoo error: Odoo Server Error - Object po.order doesn't exist
[23-May-2025 00:14:56 Europe/Berlin] Failed to get orders from sale.order: Odoo error: Odoo Server Error - Object sale.order doesn't exist
[23-May-2025 00:14:56 Europe/Berlin] Returning 2 mock orders from session
[23-May-2025 00:16:33 Europe/Berlin] Getting purchase orders
[23-May-2025 00:16:33 Europe/Berlin] Failed to get purchase orders from purchase.order: Odoo error: Odoo Server Error - Object purchase.order doesn't exist
[23-May-2025 00:16:33 Europe/Berlin] Failed to get orders from purchase_order: Odoo error: Odoo Server Error - Object purchase_order doesn't exist
[23-May-2025 00:16:33 Europe/Berlin] Failed to get orders from po.order: Odoo error: Odoo Server Error - Object po.order doesn't exist
[23-May-2025 00:16:33 Europe/Berlin] Failed to get orders from sale.order: Odoo error: Odoo Server Error - Object sale.order doesn't exist
[23-May-2025 00:16:33 Europe/Berlin] Returning 2 mock orders from session
[23-May-2025 01:13:16 Europe/Berlin] Getting customer invoices
[23-May-2025 01:13:16 Europe/Berlin] Found invoice model: account.move
[23-May-2025 01:13:16 Europe/Berlin] Found invoice model: account.move
[23-May-2025 01:13:16 Europe/Berlin] Successfully got invoices from account.move
[23-May-2025 01:13:16 Europe/Berlin] Successfully got 1 customer invoices
[23-May-2025 01:13:58 Europe/Berlin] POST action received: createPurchaseOrder
[23-May-2025 01:13:58 Europe/Berlin] Processing createPurchaseOrder
[23-May-2025 01:13:58 Europe/Berlin] Order data parsed successfully: Array
(
    [partner_id] => 6
    [date_order] => 2025-05-23
    [order_line] => Array
        (
            [0] => Array
                (
                    [product_id] => 7
                    [product_qty] => 13
                    [price_unit] => 8
                )

        )

)

[23-May-2025 01:13:58 Europe/Berlin] Creating customer invoice with data: Array
(
    [partner_id] => 6
    [date_order] => 2025-05-23
    [order_line] => Array
        (
            [0] => Array
                (
                    [product_id] => 7
                    [product_qty] => 13
                    [price_unit] => 8
                )

        )

)

[23-May-2025 01:13:58 Europe/Berlin] Found invoice model: account.move
[23-May-2025 01:13:58 Europe/Berlin] Using invoice model: account.move
[23-May-2025 01:13:58 Europe/Berlin] Failed to create record in account.move: Odoo error: Odoo Server Error - Invalid field 'type' in 'account.move'
[23-May-2025 01:13:58 Europe/Berlin] Failed to create invoice in account.move: Odoo error: Odoo Server Error - Invalid field 'type' in 'account.move'
[23-May-2025 01:13:58 Europe/Berlin] Failed to create invoice in Odoo. Using mock order creation instead.
[23-May-2025 01:13:58 Europe/Berlin] Generated mock invoice ID: INV1747955638467
[23-May-2025 01:14:01 Europe/Berlin] Getting customer invoices
[23-May-2025 01:14:01 Europe/Berlin] Found invoice model: account.move
[23-May-2025 01:14:01 Europe/Berlin] Found invoice model: account.move
[23-May-2025 01:14:01 Europe/Berlin] Successfully got invoices from account.move
[23-May-2025 01:14:01 Europe/Berlin] Successfully got 1 customer invoices
[23-May-2025 01:14:02 Europe/Berlin] Getting customer invoices
[23-May-2025 01:14:02 Europe/Berlin] Found invoice model: account.move
[23-May-2025 01:14:02 Europe/Berlin] Found invoice model: account.move
[23-May-2025 01:14:02 Europe/Berlin] Successfully got invoices from account.move
[23-May-2025 01:14:02 Europe/Berlin] Successfully got 1 customer invoices
[23-May-2025 01:14:07 Europe/Berlin] Getting customer invoices
[23-May-2025 01:14:08 Europe/Berlin] Found invoice model: account.move
[23-May-2025 01:14:08 Europe/Berlin] Found invoice model: account.move
[23-May-2025 01:14:08 Europe/Berlin] Successfully got invoices from account.move
[23-May-2025 01:14:08 Europe/Berlin] Successfully got 1 customer invoices
[23-May-2025 01:15:09 Europe/Berlin] POST action received: createPurchaseOrder
[23-May-2025 01:15:09 Europe/Berlin] Processing createPurchaseOrder
[23-May-2025 01:15:09 Europe/Berlin] Order data parsed successfully: Array
(
    [partner_id] => 7
    [date_order] => 2333-12-31
    [order_line] => Array
        (
            [0] => Array
                (
                    [product_id] => 5
                    [product_qty] => 1
                    [price_unit] => 2
                )

        )

)

[23-May-2025 01:15:09 Europe/Berlin] Creating customer invoice with data: Array
(
    [partner_id] => 7
    [date_order] => 2333-12-31
    [order_line] => Array
        (
            [0] => Array
                (
                    [product_id] => 5
                    [product_qty] => 1
                    [price_unit] => 2
                )

        )

)

[23-May-2025 01:15:09 Europe/Berlin] Found invoice model: account.move
[23-May-2025 01:15:09 Europe/Berlin] Using invoice model: account.move
[23-May-2025 01:15:10 Europe/Berlin] Failed to create record in account.move: Odoo error: Odoo Server Error - Invalid field 'type' in 'account.move'
[23-May-2025 01:15:10 Europe/Berlin] Failed to create invoice in account.move: Odoo error: Odoo Server Error - Invalid field 'type' in 'account.move'
[23-May-2025 01:15:10 Europe/Berlin] Failed to create invoice in Odoo. Using mock order creation instead.
[23-May-2025 01:15:10 Europe/Berlin] Generated mock invoice ID: INV1747955710400
[23-May-2025 01:15:14 Europe/Berlin] Getting customer invoices
[23-May-2025 01:15:15 Europe/Berlin] Found invoice model: account.move
[23-May-2025 01:15:15 Europe/Berlin] Found invoice model: account.move
[23-May-2025 01:15:15 Europe/Berlin] Successfully got invoices from account.move
[23-May-2025 01:15:15 Europe/Berlin] Successfully got 1 customer invoices
[23-May-2025 01:15:15 Europe/Berlin] Getting customer invoices
[23-May-2025 01:15:15 Europe/Berlin] Found invoice model: account.move
[23-May-2025 01:15:15 Europe/Berlin] Found invoice model: account.move
[23-May-2025 01:15:16 Europe/Berlin] Successfully got invoices from account.move
[23-May-2025 01:15:16 Europe/Berlin] Successfully got 1 customer invoices
[23-May-2025 02:35:25 Europe/Berlin] POST action received: createPurchaseOrder
[23-May-2025 02:35:25 Europe/Berlin] Processing createPurchaseOrder
[23-May-2025 02:35:25 Europe/Berlin] Order data parsed successfully: Array
(
    [partner_id] => 3
    [date_order] => 2025-05-27
    [order_line] => Array
        (
            [0] => Array
                (
                    [product_id] => 5
                    [product_qty] => 12
                    [price_unit] => 213
                )

        )

)

[23-May-2025 02:35:25 Europe/Berlin] Creating customer invoice with data: Array
(
    [partner_id] => 3
    [date_order] => 2025-05-27
    [order_line] => Array
        (
            [0] => Array
                (
                    [product_id] => 5
                    [product_qty] => 12
                    [price_unit] => 213
                )

        )

)

[23-May-2025 02:35:27 Europe/Berlin] Found modern invoice model: account.move
[23-May-2025 02:35:27 Europe/Berlin] Using journal ID: 9
[23-May-2025 02:35:31 Europe/Berlin] Getting customer invoices
[23-May-2025 02:35:31 Europe/Berlin] Found modern invoice model: account.move
[23-May-2025 02:35:31 Europe/Berlin] Using invoice model: account.move
[23-May-2025 02:35:31 Europe/Berlin] Successfully got 2 customer invoices
[23-May-2025 02:35:32 Europe/Berlin] Getting customer invoices
[23-May-2025 02:35:32 Europe/Berlin] Found modern invoice model: account.move
[23-May-2025 02:35:32 Europe/Berlin] Using invoice model: account.move
[23-May-2025 02:35:32 Europe/Berlin] Successfully got 2 customer invoices
[23-May-2025 02:35:36 Europe/Berlin] Getting customer invoices
[23-May-2025 02:35:37 Europe/Berlin] Found modern invoice model: account.move
[23-May-2025 02:35:37 Europe/Berlin] Using invoice model: account.move
[23-May-2025 02:35:37 Europe/Berlin] Successfully got 2 customer invoices
[23-May-2025 02:35:50 Europe/Berlin] Getting customer invoices
[23-May-2025 02:35:50 Europe/Berlin] Found modern invoice model: account.move
[23-May-2025 02:35:50 Europe/Berlin] Using invoice model: account.move
[23-May-2025 02:35:50 Europe/Berlin] Successfully got 2 customer invoices
[23-May-2025 02:36:11 Europe/Berlin] POST action received: createPurchaseOrder
[23-May-2025 02:36:11 Europe/Berlin] Processing createPurchaseOrder
[23-May-2025 02:36:11 Europe/Berlin] Order data parsed successfully: Array
(
    [partner_id] => 6
    [date_order] => 2025-05-12
    [order_line] => Array
        (
            [0] => Array
                (
                    [product_id] => 6
                    [product_qty] => 44
                    [price_unit] => 25
                )

        )

)

[23-May-2025 02:36:11 Europe/Berlin] Creating customer invoice with data: Array
(
    [partner_id] => 6
    [date_order] => 2025-05-12
    [order_line] => Array
        (
            [0] => Array
                (
                    [product_id] => 6
                    [product_qty] => 44
                    [price_unit] => 25
                )

        )

)

[23-May-2025 02:36:12 Europe/Berlin] Found modern invoice model: account.move
[23-May-2025 02:36:12 Europe/Berlin] Using journal ID: 9
[23-May-2025 02:36:15 Europe/Berlin] Getting customer invoices
[23-May-2025 02:36:15 Europe/Berlin] Found modern invoice model: account.move
[23-May-2025 02:36:15 Europe/Berlin] Using invoice model: account.move
[23-May-2025 02:36:15 Europe/Berlin] Successfully got 3 customer invoices
[23-May-2025 02:36:16 Europe/Berlin] Getting customer invoices
[23-May-2025 02:36:16 Europe/Berlin] Found modern invoice model: account.move
[23-May-2025 02:36:16 Europe/Berlin] Using invoice model: account.move
[23-May-2025 02:36:16 Europe/Berlin] Successfully got 3 customer invoices
[23-May-2025 02:36:23 Europe/Berlin] Getting customer invoices
[23-May-2025 02:36:23 Europe/Berlin] Found modern invoice model: account.move
[23-May-2025 02:36:23 Europe/Berlin] Using invoice model: account.move
[23-May-2025 02:36:23 Europe/Berlin] Successfully got 3 customer invoices
[23-May-2025 02:39:47 Europe/Berlin] Getting customer invoices
[23-May-2025 02:39:48 Europe/Berlin] Found modern invoice model: account.move
[23-May-2025 02:39:48 Europe/Berlin] Using invoice model: account.move
[23-May-2025 02:39:48 Europe/Berlin] Successfully got 3 customer invoices
[23-May-2025 02:39:55 Europe/Berlin] Getting customer invoices
[23-May-2025 02:39:56 Europe/Berlin] Found modern invoice model: account.move
[23-May-2025 02:39:56 Europe/Berlin] Using invoice model: account.move
[23-May-2025 02:39:56 Europe/Berlin] Successfully got 3 customer invoices
[23-May-2025 03:31:42 Europe/Berlin] Getting customer invoices
[23-May-2025 03:31:42 Europe/Berlin] Found modern invoice model: account.move
[23-May-2025 03:31:42 Europe/Berlin] Using invoice model: account.move
[23-May-2025 03:31:42 Europe/Berlin] Successfully got 4 customer invoices
[23-May-2025 03:32:25 Europe/Berlin] Getting customer invoices
[23-May-2025 03:32:25 Europe/Berlin] Found modern invoice model: account.move
[23-May-2025 03:32:25 Europe/Berlin] Using invoice model: account.move
[23-May-2025 03:32:25 Europe/Berlin] Successfully got 4 customer invoices
[23-May-2025 03:32:29 Europe/Berlin] Getting customer invoices
[23-May-2025 03:32:30 Europe/Berlin] Found modern invoice model: account.move
[23-May-2025 03:32:30 Europe/Berlin] Using invoice model: account.move
[23-May-2025 03:32:30 Europe/Berlin] Successfully got 4 customer invoices
[23-May-2025 03:32:33 Europe/Berlin] Getting customer invoices
[23-May-2025 03:32:34 Europe/Berlin] Found modern invoice model: account.move
[23-May-2025 03:32:34 Europe/Berlin] Using invoice model: account.move
[23-May-2025 03:32:34 Europe/Berlin] Successfully got 4 customer invoices
[23-May-2025 03:33:53 Europe/Berlin] Getting customer invoices
[23-May-2025 03:33:53 Europe/Berlin] Found modern invoice model: account.move
[23-May-2025 03:33:53 Europe/Berlin] Using invoice model: account.move
[23-May-2025 03:33:53 Europe/Berlin] Successfully got 4 customer invoices
[23-May-2025 03:34:50 Europe/Berlin] Getting customer invoices
[23-May-2025 03:34:50 Europe/Berlin] Found modern invoice model: account.move
[23-May-2025 03:34:50 Europe/Berlin] Using invoice model: account.move
[23-May-2025 03:34:50 Europe/Berlin] Successfully got 4 customer invoices
[23-May-2025 03:34:52 Europe/Berlin] Getting customer invoices
[23-May-2025 03:34:52 Europe/Berlin] Found modern invoice model: account.move
[23-May-2025 03:34:52 Europe/Berlin] Using invoice model: account.move
[23-May-2025 03:34:52 Europe/Berlin] Successfully got 4 customer invoices
[23-May-2025 03:35:21 Europe/Berlin] Getting customer invoices
[23-May-2025 03:35:21 Europe/Berlin] Found modern invoice model: account.move
[23-May-2025 03:35:21 Europe/Berlin] Using invoice model: account.move
[23-May-2025 03:35:21 Europe/Berlin] Successfully got 4 customer invoices
[23-May-2025 03:36:01 Europe/Berlin] Getting customer invoices
[23-May-2025 03:36:02 Europe/Berlin] Found modern invoice model: account.move
[23-May-2025 03:36:02 Europe/Berlin] Using invoice model: account.move
[23-May-2025 03:36:02 Europe/Berlin] Successfully got 4 customer invoices
[23-May-2025 03:36:07 Europe/Berlin] Getting customer invoices
[23-May-2025 03:36:08 Europe/Berlin] Found modern invoice model: account.move
[23-May-2025 03:36:08 Europe/Berlin] Using invoice model: account.move
[23-May-2025 03:36:08 Europe/Berlin] Successfully got 4 customer invoices
[23-May-2025 03:36:09 Europe/Berlin] Getting customer invoices
[23-May-2025 03:36:10 Europe/Berlin] Found modern invoice model: account.move
[23-May-2025 03:36:10 Europe/Berlin] Using invoice model: account.move
[23-May-2025 03:36:10 Europe/Berlin] Successfully got 4 customer invoices
